18/Jul/2022 19:52:13,702- OIPA_Project: SIT URL Launched
18/Jul/2022 19:52:28,777- OIPA_Project: UserName Entered Successfully
18/Jul/2022 19:52:28,826- OIPA_Project: Password Entered Successfully
18/Jul/2022 19:52:28,869- OIPA_Project: Logged into IE - SIT Successfully
18/Jul/2022 19:52:53,901- OIPA_Project: Home Page loaded Successfully
-----------------------------------------------------------------------------------
18/Jul/2022 19:57:22,051- OIPA_Project: SIT URL Launched
18/Jul/2022 19:57:37,140- OIPA_Project: UserName Entered Successfully
18/Jul/2022 19:57:37,212- OIPA_Project: Password Entered Successfully
18/Jul/2022 19:57:37,271- OIPA_Project: Logged into IE - SIT Successfully
18/Jul/2022 19:58:02,296- OIPA_Project: Home Page loaded Successfully
----------------------------------------------------------------------------------------
18/Jul/2022 20:54:48,267- OIPA_Project: Testing in Chrome browser
18/Jul/2022 20:54:56,145- OIPA_Project: SIT URL Launched
18/Jul/2022 20:55:11,206- OIPA_Project: UserName Entered Successfully
18/Jul/2022 20:55:11,254- OIPA_Project: Password Entered Successfully
18/Jul/2022 20:55:11,293- OIPA_Project: Logged into IE - SIT Successfully
18/Jul/2022 20:55:36,305- OIPA_Project: Home Page loaded Successfully
-------------------------------------------------------------------------------------------
18/Jul/2022 20:56:29,198- OIPA_Project: Testing in Firefox browser
18/Jul/2022 20:56:35,330- OIPA_Project: SIT URL Launched
18/Jul/2022 20:56:50,401- OIPA_Project: UserName Entered Successfully
18/Jul/2022 20:56:50,422- OIPA_Project: Password Entered Successfully
18/Jul/2022 20:56:50,662- OIPA_Project: Logged into IE - SIT Successfully
18/Jul/2022 20:57:15,674- OIPA_Project: Home Page loaded Successfully
----------------------------------------------------------------------------------------
18/Jul/2022 21:51:44,691- OIPA_Project: Testing in Firefox browser
18/Jul/2022 21:51:52,205- OIPA_Project: SIT URL Launched
18/Jul/2022 21:52:07,261- OIPA_Project: UserName Entered Successfully
18/Jul/2022 21:52:07,280- OIPA_Project: Password Entered Successfully
18/Jul/2022 21:52:07,510- OIPA_Project: Logged into IE - SIT Successfully
18/Jul/2022 21:52:32,519- OIPA_Project: Home Page loaded Successfully
-----------------------------------------------------------------------------------------------------
18/Jul/2022 22:02:04,211- OIPA_Project: Testing in Chrome browser
18/Jul/2022 22:02:10,933- OIPA_Project: SIT URL Launched
18/Jul/2022 22:02:26,017- OIPA_Project: UserName Entered Successfully
18/Jul/2022 22:02:26,069- OIPA_Project: Password Entered Successfully
18/Jul/2022 22:02:26,107- OIPA_Project: Logged into IE - SIT Successfully
18/Jul/2022 22:02:51,125- OIPA_Project: Home Page loaded Successfully
---------------------------------------------------------------------------------------------------------
18/Jul/2022 22:59:49,858- OIPA_Project: Testing in Chrome browser
18/Jul/2022 22:59:56,291- OIPA_Project: SIT URL Launched
18/Jul/2022 23:00:11,362- OIPA_Project: UserName Entered Successfully
18/Jul/2022 23:00:11,420- OIPA_Project: Password Entered Successfully
18/Jul/2022 23:00:11,468- OIPA_Project: Logged into IE - SIT Successfully
18/Jul/2022 23:00:36,504- OIPA_Project: Home Page loaded Successfully
-----------------------------------------------------------------------------------------------------------
18/Jul/2022 23:55:26,305- OIPA_Project: Testing in Chrome browser
18/Jul/2022 23:55:32,172- OIPA_Project: SIT URL Launched
18/Jul/2022 23:55:47,243- OIPA_Project: UserName Entered Successfully
18/Jul/2022 23:55:47,295- OIPA_Project: Password Entered Successfully
18/Jul/2022 23:55:47,338- OIPA_Project: Logged into IE - SIT Successfully
18/Jul/2022 23:56:12,353- OIPA_Project: Home Page loaded Successfully
---------------------------------------------------------------------------------------------------------------
18/Jul/2022 23:59:54,885- OIPA_Project: Testing in Chrome browser
18/Jul/2022 23:59:59,782- OIPA_Project: SIT URL Launched
19/Jul/2022 00:00:14,873- OIPA_Project: UserName Entered Successfully
19/Jul/2022 00:00:14,930- OIPA_Project: Password Entered Successfully
19/Jul/2022 00:00:14,972- OIPA_Project: Logged into IE - SIT Successfully
19/Jul/2022 00:00:39,992- OIPA_Project: Home Page loaded Successfully
---------------------------------------------------------------------------------------------------
19/Jul/2022 00:15:00,234- OIPA_Project: Testing in Chrome browser
19/Jul/2022 00:15:06,287- OIPA_Project: SIT URL Launched
19/Jul/2022 00:15:21,363- OIPA_Project: UserName Entered Successfully
19/Jul/2022 00:15:21,418- OIPA_Project: Password Entered Successfully
19/Jul/2022 00:15:21,457- OIPA_Project: Logged into IE - SIT Successfully
19/Jul/2022 00:15:46,469- OIPA_Project: Home Page loaded Successfully
-------------------------------------------------------------------------------------------------
19/Jul/2022 00:17:12,679- OIPA_Project: Testing in Chrome browser
19/Jul/2022 00:17:19,178- OIPA_Project: SIT URL Launched
19/Jul/2022 00:17:34,252- OIPA_Project: UserName Entered Successfully
19/Jul/2022 00:17:34,299- OIPA_Project: Password Entered Successfully
19/Jul/2022 00:17:34,338- OIPA_Project: Logged into IE - SIT Successfully
19/Jul/2022 00:17:59,370- OIPA_Project: Home Page loaded Successfully
----------------------------------------------------------------------------------------------------
19/Jul/2022 00:40:39,422- OIPA_Project: Testing in Chrome browser
19/Jul/2022 00:40:44,640- OIPA_Project: SIT URL Launched
19/Jul/2022 00:40:59,709- OIPA_Project: UserName Entered Successfully
19/Jul/2022 00:40:59,759- OIPA_Project: Password Entered Successfully
19/Jul/2022 00:40:59,799- OIPA_Project: Logged into IE - SIT Successfully
-------------------------------------------------------------------------------------------------
19/Jul/2022 00:46:05,855- OIPA_Project: Testing in Chrome browse
19/Jul/2022 00:46:11,253- OIPA_Project: SIT URL Launched
19/Jul/2022 00:46:26,324- OIPA_Project: UserName Entered Successfully
19/Jul/2022 00:46:26,375- OIPA_Project: Password Entered Successfully
19/Jul/2022 00:46:26,419- OIPA_Project: Logged into IE - SIT Successfully
--------------------------------------------------------------------------------------------------------------
19/Jul/2022 00:51:14,806- OIPA_Project: Testing in Chrome browser
19/Jul/2022 00:51:21,430- OIPA_Project: SIT URL Launched
19/Jul/2022 00:51:36,492- OIPA_Project: UserName Entered Successfully
19/Jul/2022 00:51:36,540- OIPA_Project: Password Entered Successfully
19/Jul/2022 00:51:36,578- OIPA_Project: Logged into IE - SIT Successfully
19/Jul/2022 00:52:01,594- OIPA_Project: Logged in but Home page not loaded
----------------------------------------------------------------------------------------------------------------------------
19/Jul/2022 00:53:40,980- OIPA_Project: Testing in Chrome browser
19/Jul/2022 00:53:46,939- OIPA_Project: SIT URL Launched
19/Jul/2022 00:54:02,018- OIPA_Project: UserName Entered Successfully
19/Jul/2022 00:54:02,071- OIPA_Project: Password Entered Successfully
19/Jul/2022 00:54:02,112- OIPA_Project: Logged into IE - SIT Successfully
19/Jul/2022 00:54:29,018- OIPA_Project: Logged in but Home page not loaded
-----------------------------------------------------------------------------------------------------
19/Jul/2022 01:00:07,676- OIPA_Project: Testing in Chrome browser
19/Jul/2022 01:00:13,360- OIPA_Project: SIT URL Launched
19/Jul/2022 01:00:28,437- OIPA_Project: UserName Entered Successfully
19/Jul/2022 01:00:28,489- OIPA_Project: Password Entered Successfully
19/Jul/2022 01:00:28,529- OIPA_Project: Logged into IE - SIT Successfully
19/Jul/2022 01:00:53,538- OIPA_Project: Logged in but Home page not loaded
-----------------------------------------------------------------------------------------------------------
19/Jul/2022 01:02:36,906- OIPA_Project: Testing in Chrome browser
19/Jul/2022 01:02:42,362- OIPA_Project: SIT URL Launched
19/Jul/2022 01:02:57,433- OIPA_Project: UserName Entered Successfully
19/Jul/2022 01:02:57,484- OIPA_Project: Password Entered Successfully
19/Jul/2022 01:02:57,524- OIPA_Project: Logged into IE - SIT Successfully
19/Jul/2022 01:03:22,545- OIPA_Project: Logged in but Home page not loaded
--------------------------------------------------------------------------------------------------------------
19/Jul/2022 01:19:31,666- OIPA_Project: Testing in Chrome browser
19/Jul/2022 01:19:37,334- OIPA_Project: SIT URL Launched
19/Jul/2022 01:19:52,429- OIPA_Project: UserName Entered Successfully
19/Jul/2022 01:19:52,482- OIPA_Project: Password Entered Successfully
19/Jul/2022 01:19:52,519- OIPA_Project: Logged into IE - SIT Successfully
---------------------------------------------------------------------------------------------------------------
19/Jul/2022 01:24:42,831- OIPA_Project: Testing in Chrome browser
19/Jul/2022 01:24:51,631- OIPA_Project: SIT URL Launched
19/Jul/2022 01:25:06,717- OIPA_Project: UserName Entered Successfully
19/Jul/2022 01:25:06,769- OIPA_Project: Password Entered Successfully
19/Jul/2022 01:25:06,808- OIPA_Project: Logged into IE - SIT Successfully
19/Jul/2022 01:25:31,831- OIPA_Project: Logged in but Home page not loaded
--------------------------------------------------------------------------------------------------------------------
19/Jul/2022 01:27:11,273- OIPA_Project: Testing in Chrome browser
19/Jul/2022 01:27:17,023- OIPA_Project: SIT URL Launched
19/Jul/2022 01:27:32,120- OIPA_Project: UserName Entered Successfully
19/Jul/2022 01:27:32,171- OIPA_Project: Password Entered Successfully
19/Jul/2022 01:27:32,209- OIPA_Project: Logged into IE - SIT Successfully
19/Jul/2022 01:27:57,226- OIPA_Project: Logged in but Home page not loaded
-----------------------------------------------------------------------------------------------------------------
19/Jul/2022 01:29:48,517- OIPA_Project: Testing in Chrome browser
19/Jul/2022 01:29:53,996- OIPA_Project: SIT URL Launched
19/Jul/2022 01:30:09,067- OIPA_Project: UserName Entered Successfully
19/Jul/2022 01:30:09,116- OIPA_Project: Password Entered Successfully
19/Jul/2022 01:30:09,154- OIPA_Project: Logged into IE - SIT Successfully
19/Jul/2022 01:30:34,189- OIPA_Project: Home Page loaded Successfully
-----------------------------------------------------------------------------------------------------------------
19/Jul/2022 01:42:52,190- OIPA_Project: Testing in Chrome browser
19/Jul/2022 01:42:58,878- OIPA_Project: SIT URL Launched
19/Jul/2022 01:43:14,093- OIPA_Project: UserName Entered Successfully
19/Jul/2022 01:43:14,273- OIPA_Project: Password Entered Successfully
19/Jul/2022 01:43:14,407- OIPA_Project: Logged into IE - SIT Successfully
19/Jul/2022 01:43:39,432- OIPA_Project: Home Page loaded Successfully
------------------------------------------------------------------------------------------------------
19/Jul/2022 01:54:50,962- OIPA_Project: Testing in Chrome browser
19/Jul/2022 01:54:57,298- OIPA_Project: SIT URL Launched
19/Jul/2022 01:55:12,371- OIPA_Project: UserName Entered Successfully
19/Jul/2022 01:55:12,416- OIPA_Project: Password Entered Successfully
19/Jul/2022 01:55:12,452- OIPA_Project: Logged into IE - SIT Successfully
19/Jul/2022 01:55:37,467- OIPA_Project: Home Page loaded Successfully
19/Jul/2022 02:05:34,374- OIPA_Project: Testing in Chrome browser
19/Jul/2022 02:05:41,392- OIPA_Project: SIT URL Launched
19/Jul/2022 02:05:56,468- OIPA_Project: UserName Entered Successfully
19/Jul/2022 02:05:56,515- OIPA_Project: Password Entered Successfully
19/Jul/2022 02:05:56,554- OIPA_Project: Logged into IE - SIT Successfully
19/Jul/2022 02:06:21,579- OIPA_Project: Home Page loaded Successfully
19/Jul/2022 02:08:28,299- OIPA_Project: Testing in Chrome browser
19/Jul/2022 02:08:33,349- OIPA_Project: SIT URL Launched
19/Jul/2022 02:08:48,425- OIPA_Project: UserName Entered Successfully
19/Jul/2022 02:08:48,472- OIPA_Project: Password Entered Successfully
19/Jul/2022 02:08:48,507- OIPA_Project: Logged into IE - SIT Successfully
19/Jul/2022 02:09:13,541- OIPA_Project: Home Page loaded Successfully
19/Jul/2022 10:35:07,084- OIPA_Project: Testing in Chrome browser
19/Jul/2022 10:35:13,157- OIPA_Project: SIT URL Launched
19/Jul/2022 10:35:28,382- OIPA_Project: UserName Entered Successfully
19/Jul/2022 10:35:28,532- OIPA_Project: Password Entered Successfully
19/Jul/2022 10:35:28,623- OIPA_Project: Logged into IE - SIT Successfully
19/Jul/2022 10:35:53,656- OIPA_Project: Home Page loaded Successfully
19/Jul/2022 10:48:27,626- OIPA_Project: Testing in Chrome browser
19/Jul/2022 10:48:33,330- OIPA_Project: SIT URL Launched
19/Jul/2022 10:48:48,546- OIPA_Project: UserName Entered Successfully
19/Jul/2022 10:48:48,665- OIPA_Project: Password Entered Successfully
19/Jul/2022 10:48:48,776- OIPA_Project: Logged into IE - SIT Successfully
19/Jul/2022 10:49:13,804- OIPA_Project: Home Page loaded Successfully
19/Jul/2022 10:52:57,011- OIPA_Project: Testing in Chrome browser
19/Jul/2022 10:53:03,049- OIPA_Project: SIT URL Launched
19/Jul/2022 10:53:18,254- OIPA_Project: UserName Entered Successfully
19/Jul/2022 10:53:18,401- OIPA_Project: Password Entered Successfully
19/Jul/2022 10:53:18,505- OIPA_Project: Logged into IE - SIT Successfully
19/Jul/2022 10:53:43,535- OIPA_Project: Home Page loaded Successfully
19/Jul/2022 10:56:13,683- OIPA_Project: Testing in Chrome browser
19/Jul/2022 10:56:19,005- OIPA_Project: SIT URL Launched
19/Jul/2022 10:56:34,298- OIPA_Project: UserName Entered Successfully
19/Jul/2022 10:56:34,519- OIPA_Project: Password Entered Successfully
19/Jul/2022 10:56:34,701- OIPA_Project: Logged into IE - SIT Successfully
19/Jul/2022 10:56:59,729- OIPA_Project: Home Page loaded Successfully
19/Jul/2022 11:00:04,476- OIPA_Project: Testing in Chrome browser
19/Jul/2022 11:00:10,271- OIPA_Project: SIT URL Launched
19/Jul/2022 11:00:25,548- OIPA_Project: UserName Entered Successfully
19/Jul/2022 11:00:25,809- OIPA_Project: Password Entered Successfully
19/Jul/2022 11:00:25,943- OIPA_Project: Logged into IE - SIT Successfully
19/Jul/2022 11:00:50,977- OIPA_Project: Home Page loaded Successfully
19/Jul/2022 11:02:42,150- OIPA_Project: Testing in Chrome browser
19/Jul/2022 11:02:47,415- OIPA_Project: SIT URL Launched
19/Jul/2022 11:03:02,729- OIPA_Project: UserName Entered Successfully
19/Jul/2022 11:03:02,903- OIPA_Project: Password Entered Successfully
19/Jul/2022 11:03:03,020- OIPA_Project: Logged into IE - SIT Successfully
19/Jul/2022 11:03:28,058- OIPA_Project: Home Page loaded Successfully
19/Jul/2022 11:36:10,019- OIPA_Project: Testing in Chrome browser
19/Jul/2022 11:36:13,912- OIPA_Project: SIT URL Launched
19/Jul/2022 11:36:29,083- OIPA_Project: UserName Entered Successfully
19/Jul/2022 11:36:29,221- OIPA_Project: Password Entered Successfully
19/Jul/2022 11:36:29,333- OIPA_Project: Logged into IE - SIT Successfully
19/Jul/2022 11:36:54,373- OIPA_Project: Home Page loaded Successfully
19/Jul/2022 11:38:07,181- OIPA_Project: Testing in Chrome browser
19/Jul/2022 11:38:10,464- OIPA_Project: SIT URL Launched
19/Jul/2022 11:38:25,703- OIPA_Project: UserName Entered Successfully
19/Jul/2022 11:38:25,840- OIPA_Project: Password Entered Successfully
19/Jul/2022 11:38:25,955- OIPA_Project: Logged into IE - SIT Successfully
19/Jul/2022 11:38:50,986- OIPA_Project: Home Page loaded Successfully
19/Jul/2022 11:40:14,113- OIPA_Project: Testing in Chrome browser
19/Jul/2022 11:40:21,528- OIPA_Project: SIT URL Launched
19/Jul/2022 11:40:36,815- OIPA_Project: UserName Entered Successfully
19/Jul/2022 11:40:36,926- OIPA_Project: Password Entered Successfully
19/Jul/2022 11:40:37,009- OIPA_Project: Logged into IE - SIT Successfully
19/Jul/2022 11:41:02,027- OIPA_Project: Home Page loaded Successfully
19/Jul/2022 11:44:48,773- OIPA_Project: Testing in Chrome browser
19/Jul/2022 11:44:53,183- OIPA_Project: SIT URL Launched
19/Jul/2022 11:45:08,459- OIPA_Project: UserName Entered Successfully
19/Jul/2022 11:45:08,672- OIPA_Project: Password Entered Successfully
19/Jul/2022 11:45:08,823- OIPA_Project: Logged into IE - SIT Successfully
19/Jul/2022 11:45:33,846- OIPA_Project: Home Page loaded Successfully
19/Jul/2022 11:52:34,856- OIPA_Project: Testing in Chrome browser
19/Jul/2022 11:52:41,370- OIPA_Project: SIT URL Launched
19/Jul/2022 11:52:56,483- OIPA_Project: UserName Entered Successfully
19/Jul/2022 11:52:56,553- OIPA_Project: Password Entered Successfully
19/Jul/2022 11:52:56,606- OIPA_Project: Logged into IE - SIT Successfully
19/Jul/2022 11:53:21,637- OIPA_Project: Home Page loaded Successfully
19/Jul/2022 11:55:16,956- OIPA_Project: Testing in Chrome browser
19/Jul/2022 11:55:22,512- OIPA_Project: SIT URL Launched
19/Jul/2022 11:55:37,747- OIPA_Project: UserName Entered Successfully
19/Jul/2022 11:55:37,913- OIPA_Project: Password Entered Successfully
19/Jul/2022 11:55:38,008- OIPA_Project: Logged into IE - SIT Successfully
19/Jul/2022 11:56:03,023- OIPA_Project: Home Page loaded Successfully
19/Jul/2022 12:32:23,353- OIPA_Project: Testing in Chrome browser
19/Jul/2022 12:32:28,784- OIPA_Project: SIT URL Launched
19/Jul/2022 12:32:44,074- OIPA_Project: UserName Entered Successfully
19/Jul/2022 12:32:44,313- OIPA_Project: Password Entered Successfully
19/Jul/2022 12:32:44,495- OIPA_Project: Logged into IE - SIT Successfully
19/Jul/2022 12:33:09,534- OIPA_Project: Home Page loaded Successfully
19/Jul/2022 13:35:08,757- OIPA_Project: Testing in Chrome browser
19/Jul/2022 13:35:15,011- OIPA_Project: SIT URL Launched
19/Jul/2022 13:35:30,073- OIPA_Project: UserName Entered Successfully
19/Jul/2022 13:35:30,122- OIPA_Project: Password Entered Successfully
19/Jul/2022 13:35:30,162- OIPA_Project: Logged into IE - SIT Successfully
19/Jul/2022 13:35:55,184- OIPA_Project: Home Page loaded Successfully
19/Jul/2022 13:40:09,082- OIPA_Project: Testing in Chrome browser
19/Jul/2022 13:40:14,218- OIPA_Project: SIT URL Launched
19/Jul/2022 13:40:29,285- OIPA_Project: UserName Entered Successfully
19/Jul/2022 13:40:29,334- OIPA_Project: Password Entered Successfully
19/Jul/2022 13:40:29,374- OIPA_Project: Logged into IE - SIT Successfully
19/Jul/2022 13:40:54,382- OIPA_Project: Home Page loaded Successfully
19/Jul/2022 13:45:08,720- OIPA_Project: Testing in Chrome browser
19/Jul/2022 13:45:14,056- OIPA_Project: SIT URL Launched
19/Jul/2022 13:45:29,140- OIPA_Project: UserName Entered Successfully
19/Jul/2022 13:45:29,188- OIPA_Project: Password Entered Successfully
19/Jul/2022 13:45:29,223- OIPA_Project: Logged into IE - SIT Successfully
19/Jul/2022 13:45:54,250- OIPA_Project: Home Page loaded Successfully
19/Jul/2022 13:49:14,419- OIPA_Project: Testing in Chrome browser
19/Jul/2022 13:49:19,877- OIPA_Project: SIT URL Launched
19/Jul/2022 13:49:34,947- OIPA_Project: UserName Entered Successfully
19/Jul/2022 13:49:34,995- OIPA_Project: Password Entered Successfully
19/Jul/2022 13:49:35,031- OIPA_Project: Logged into IE - SIT Successfully
19/Jul/2022 13:50:00,049- OIPA_Project: Logged in but Home page not loaded
19/Jul/2022 13:54:22,734- OIPA_Project: Testing in Chrome browser
19/Jul/2022 13:54:30,304- OIPA_Project: SIT URL Launched
19/Jul/2022 13:54:45,387- OIPA_Project: UserName Entered Successfully
19/Jul/2022 13:54:45,439- OIPA_Project: Password Entered Successfully
19/Jul/2022 13:54:45,478- OIPA_Project: Logged into IE - SIT Successfully
19/Jul/2022 13:55:10,507- OIPA_Project: Logged in but Home page not loaded
19/Jul/2022 14:50:41,762- OIPA_Project: Testing in Chrome browser
19/Jul/2022 14:50:48,596- OIPA_Project: SIT URL Launched
19/Jul/2022 14:51:03,668- OIPA_Project: UserName Entered Successfully
19/Jul/2022 14:51:03,716- OIPA_Project: Password Entered Successfully
19/Jul/2022 14:51:03,753- OIPA_Project: Logged into IE - SIT Successfully
19/Jul/2022 14:51:28,771- OIPA_Project: Logged in but Home page not loaded (OR) Title is mismatched
19/Jul/2022 16:59:47,806- OIPA_Project: Testing in Chrome browser
19/Jul/2022 16:59:57,477- OIPA_Project: UserName Entered Successfully
19/Jul/2022 16:59:57,575- OIPA_Project: Password Entered Successfully
19/Jul/2022 16:59:57,689- OIPA_Project: Logged in Entered Successfully
19/Jul/2022 16:59:57,950- OIPA_Project: UserName Entered Successfully
19/Jul/2022 16:59:58,085- OIPA_Project: Password Entered Successfully
19/Jul/2022 16:59:58,199- OIPA_Project: Logged in Entered Successfully
19/Jul/2022 16:59:58,405- OIPA_Project: UserName Entered Successfully
19/Jul/2022 16:59:58,544- OIPA_Project: Password Entered Successfully
19/Jul/2022 16:59:58,643- OIPA_Project: Logged in Entered Successfully
19/Jul/2022 16:59:58,831- OIPA_Project: UserName Entered Successfully
19/Jul/2022 16:59:58,979- OIPA_Project: Password Entered Successfully
19/Jul/2022 16:59:59,076- OIPA_Project: Logged in Entered Successfully
19/Jul/2022 16:59:59,261- OIPA_Project: UserName Entered Successfully
19/Jul/2022 16:59:59,344- OIPA_Project: Password Entered Successfully
19/Jul/2022 16:59:59,417- OIPA_Project: Logged in Entered Successfully
19/Jul/2022 17:03:29,632- OIPA_Project: Testing in Chrome browser
19/Jul/2022 17:03:38,149- OIPA_Project: UserName Entered Successfully
19/Jul/2022 17:03:38,256- OIPA_Project: Password Entered Successfully
19/Jul/2022 17:03:38,357- OIPA_Project: Logged in  Successfully
19/Jul/2022 17:15:47,033- OIPA_Project: Testing in Chrome browser
19/Jul/2022 17:15:54,577- OIPA_Project: UserName Entered Successfully
19/Jul/2022 17:15:54,641- OIPA_Project: Password Entered Successfully
19/Jul/2022 17:15:54,691- OIPA_Project: Logged in  Successfully
19/Jul/2022 17:21:49,046- OIPA_Project: Testing in Chrome browser
19/Jul/2022 17:21:58,138- OIPA_Project: UserName Entered Successfully
19/Jul/2022 17:21:58,244- OIPA_Project: Password Entered Successfully
19/Jul/2022 17:21:58,327- OIPA_Project: Logged in  Successfully
19/Jul/2022 17:22:43,696- OIPA_Project: UserName Entered Successfully
19/Jul/2022 17:22:43,757- OIPA_Project: Password Entered Successfully
19/Jul/2022 17:22:43,801- OIPA_Project: Logged in  Successfully
19/Jul/2022 17:23:30,411- OIPA_Project: UserName Entered Successfully
19/Jul/2022 17:23:30,613- OIPA_Project: Password Entered Successfully
19/Jul/2022 17:23:30,769- OIPA_Project: Logged in  Successfully
19/Jul/2022 17:24:15,925- OIPA_Project: UserName Entered Successfully
19/Jul/2022 17:24:16,118- OIPA_Project: Password Entered Successfully
19/Jul/2022 17:24:16,274- OIPA_Project: Logged in  Successfully
19/Jul/2022 17:25:01,335- OIPA_Project: UserName Entered Successfully
19/Jul/2022 17:25:01,427- OIPA_Project: Password Entered Successfully
19/Jul/2022 17:25:01,504- OIPA_Project: Logged in  Successfully
19/Jul/2022 17:25:49,691- OIPA_Project: UserName Entered Successfully
19/Jul/2022 17:25:49,750- OIPA_Project: Password Entered Successfully
19/Jul/2022 17:25:49,796- OIPA_Project: Logged in  Successfully
19/Jul/2022 17:26:34,457- OIPA_Project: UserName Entered Successfully
19/Jul/2022 17:26:34,552- OIPA_Project: Password Entered Successfully
19/Jul/2022 17:26:34,629- OIPA_Project: Logged in  Successfully
19/Jul/2022 17:26:49,846- OIPA_Project: UserName Entered Successfully
19/Jul/2022 17:26:49,952- OIPA_Project: Password Entered Successfully
19/Jul/2022 17:26:50,058- OIPA_Project: Logged in  Successfully
19/Jul/2022 17:27:05,207- OIPA_Project: UserName Entered Successfully
19/Jul/2022 17:27:05,303- OIPA_Project: Password Entered Successfully
19/Jul/2022 17:27:05,385- OIPA_Project: Logged in  Successfully
19/Jul/2022 17:27:20,544- OIPA_Project: UserName Entered Successfully
19/Jul/2022 17:27:20,658- OIPA_Project: Password Entered Successfully
19/Jul/2022 17:27:20,758- OIPA_Project: Logged in  Successfully
19/Jul/2022 17:27:35,935- OIPA_Project: UserName Entered Successfully
19/Jul/2022 17:27:35,995- OIPA_Project: Password Entered Successfully
19/Jul/2022 17:27:36,049- OIPA_Project: Logged in  Successfully
19/Jul/2022 17:27:36,356- OIPA_Project: UserName Entered Successfully
19/Jul/2022 17:27:36,481- OIPA_Project: Password Entered Successfully
19/Jul/2022 17:27:36,559- OIPA_Project: Logged in  Successfully
19/Jul/2022 17:27:51,647- OIPA_Project: UserName Entered Successfully
19/Jul/2022 17:27:51,696- OIPA_Project: Password Entered Successfully
19/Jul/2022 17:27:51,739- OIPA_Project: Logged in  Successfully
19/Jul/2022 18:14:47,586- OIPA_Project: Testing in Chrome browser
19/Jul/2022 18:14:55,684- OIPA_Project: UserName Entered Successfully
19/Jul/2022 18:14:55,734- OIPA_Project: Password Entered Successfully
19/Jul/2022 18:14:55,774- OIPA_Project: Logged in  Successfully
19/Jul/2022 18:15:41,425- OIPA_Project: UserName Entered Successfully
19/Jul/2022 18:15:41,477- OIPA_Project: Password Entered Successfully
19/Jul/2022 18:15:41,519- OIPA_Project: Logged in  Successfully
19/Jul/2022 18:16:25,917- OIPA_Project: UserName Entered Successfully
19/Jul/2022 18:16:25,961- OIPA_Project: Password Entered Successfully
19/Jul/2022 18:16:25,997- OIPA_Project: Logged in  Successfully
19/Jul/2022 18:17:10,268- OIPA_Project: UserName Entered Successfully
19/Jul/2022 18:17:10,315- OIPA_Project: Password Entered Successfully
19/Jul/2022 18:17:10,350- OIPA_Project: Logged in  Successfully
19/Jul/2022 18:17:54,763- OIPA_Project: UserName Entered Successfully
19/Jul/2022 18:17:54,807- OIPA_Project: Password Entered Successfully
19/Jul/2022 18:17:54,843- OIPA_Project: Logged in  Successfully
19/Jul/2022 18:18:39,177- OIPA_Project: UserName Entered Successfully
19/Jul/2022 18:18:39,217- OIPA_Project: Password Entered Successfully
19/Jul/2022 18:18:39,256- OIPA_Project: Logged in  Successfully
19/Jul/2022 19:08:17,278- OIPA_Project: Testing in Chrome browser
19/Jul/2022 19:08:24,788- OIPA_Project: UserName Entered Successfully
19/Jul/2022 19:08:24,833- OIPA_Project: Password Entered Successfully
19/Jul/2022 19:08:24,868- OIPA_Project: Logged in  Successfully
19/Jul/2022 19:09:10,969- OIPA_Project: UserName Entered Successfully
19/Jul/2022 19:09:11,017- OIPA_Project: Password Entered Successfully
19/Jul/2022 19:09:11,051- OIPA_Project: Logged in  Successfully
19/Jul/2022 19:09:57,073- OIPA_Project: UserName Entered Successfully
19/Jul/2022 19:09:57,116- OIPA_Project: Password Entered Successfully
19/Jul/2022 19:09:57,149- OIPA_Project: Logged in  Successfully
19/Jul/2022 19:10:41,338- OIPA_Project: UserName Entered Successfully
19/Jul/2022 19:10:41,383- OIPA_Project: Password Entered Successfully
19/Jul/2022 19:10:41,421- OIPA_Project: Logged in  Successfully
19/Jul/2022 19:11:26,660- OIPA_Project: UserName Entered Successfully
19/Jul/2022 19:11:26,707- OIPA_Project: Password Entered Successfully
19/Jul/2022 19:11:26,745- OIPA_Project: Logged in  Successfully
19/Jul/2022 19:12:11,634- OIPA_Project: UserName Entered Successfully
19/Jul/2022 19:12:11,672- OIPA_Project: Password Entered Successfully
19/Jul/2022 19:12:11,705- OIPA_Project: Logged in  Successfully
19/Jul/2022 19:12:26,776- OIPA_Project: UserName Entered Successfully
19/Jul/2022 19:12:26,797- OIPA_Project: Password Entered Successfully
19/Jul/2022 19:12:26,817- OIPA_Project: Logged in  Successfully
19/Jul/2022 19:27:12,046- OIPA_Project: Testing in Chrome browser
19/Jul/2022 19:27:30,484- OIPA_Project: UserName Entered Successfully
19/Jul/2022 19:27:30,558- OIPA_Project: Password Entered Successfully
19/Jul/2022 19:27:30,603- OIPA_Project: Logged in  Successfully
19/Jul/2022 19:34:45,357- OIPA_Project: Testing in Chrome browser
19/Jul/2022 19:34:56,751- OIPA_Project: UserName Entered Successfully
19/Jul/2022 19:34:56,795- OIPA_Project: Password Entered Successfully
19/Jul/2022 19:34:56,831- OIPA_Project: Logged in  Successfully
19/Jul/2022 19:35:44,554- OIPA_Project: UserName Entered Successfully
19/Jul/2022 19:35:44,597- OIPA_Project: Password Entered Successfully
19/Jul/2022 19:35:44,631- OIPA_Project: Logged in  Successfully
19/Jul/2022 19:36:30,104- OIPA_Project: UserName Entered Successfully
19/Jul/2022 19:36:30,146- OIPA_Project: Password Entered Successfully
19/Jul/2022 19:36:30,180- OIPA_Project: Logged in  Successfully
19/Jul/2022 19:37:16,121- OIPA_Project: UserName Entered Successfully
19/Jul/2022 19:37:16,165- OIPA_Project: Password Entered Successfully
19/Jul/2022 19:37:16,198- OIPA_Project: Logged in  Successfully
19/Jul/2022 19:38:00,337- OIPA_Project: UserName Entered Successfully
19/Jul/2022 19:38:00,386- OIPA_Project: Password Entered Successfully
19/Jul/2022 19:38:00,420- OIPA_Project: Logged in  Successfully
20/Jul/2022 01:37:47,897- OIPA_Project: Testing in Chrome browser
20/Jul/2022 01:37:55,005- OIPA_Project: SIT URL Launched
20/Jul/2022 01:38:10,092- OIPA_Project: UserName Entered Successfully
20/Jul/2022 01:38:10,162- OIPA_Project: Password Entered Successfully
20/Jul/2022 01:38:10,218- OIPA_Project: Logged into IE - SIT Successfully
20/Jul/2022 01:44:12,941- OIPA_Project: Testing in Chrome browser
20/Jul/2022 01:44:19,507- OIPA_Project: SIT URL Launched
20/Jul/2022 01:44:34,682- OIPA_Project: UserName Entered Successfully
20/Jul/2022 01:44:34,755- OIPA_Project: Password Entered Successfully
20/Jul/2022 01:44:34,807- OIPA_Project: Logged into IE - SIT Successfully
20/Jul/2022 01:45:00,252- OIPA_Project: New Quote clicked Successfully
20/Jul/2022 01:45:15,396- OIPA_Project: Adviser selected Successfully
20/Jul/2022 01:45:27,600- OIPA_Project: FirstName entered Successfully
20/Jul/2022 01:45:27,763- OIPA_Project: LastName entered Successfully
20/Jul/2022 01:45:27,874- OIPA_Project: Gender selected Successfully
20/Jul/2022 01:49:59,170- OIPA_Project: Testing in Chrome browser
20/Jul/2022 01:51:00,652- OIPA_Project: Testing in Chrome browser
20/Jul/2022 01:51:38,021- OIPA_Project: SIT URL Launched
20/Jul/2022 01:51:53,192- OIPA_Project: UserName Entered Successfully
20/Jul/2022 01:51:53,268- OIPA_Project: Password Entered Successfully
20/Jul/2022 01:51:53,369- OIPA_Project: Logged into IE - SIT Successfully
20/Jul/2022 01:52:33,395- OIPA_Project: New Quote clicked Successfully
20/Jul/2022 01:52:48,913- OIPA_Project: Adviser selected Successfully
20/Jul/2022 01:53:01,244- OIPA_Project: FirstName entered Successfully
20/Jul/2022 01:53:01,538- OIPA_Project: LastName entered Successfully
20/Jul/2022 01:53:01,757- OIPA_Project: Gender selected Successfully
20/Jul/2022 01:53:01,966- OIPA_Project: Smokerstatus selected Successfully
20/Jul/2022 01:53:07,491- OIPA_Project: Birthdate entered Successfully
20/Jul/2022 02:08:37,786- OIPA_Project: Testing in Chrome browser
20/Jul/2022 02:08:44,767- OIPA_Project: SIT URL Launched
20/Jul/2022 02:08:59,933- OIPA_Project: UserName Entered Successfully
20/Jul/2022 02:09:00,057- OIPA_Project: Password Entered Successfully
20/Jul/2022 02:09:00,152- OIPA_Project: Logged into IE - SIT Successfully
20/Jul/2022 02:09:25,493- OIPA_Project: New Quote clicked Successfully
20/Jul/2022 02:09:41,063- OIPA_Project: Adviser selected Successfully
20/Jul/2022 02:09:53,405- OIPA_Project: FirstName entered Successfully
20/Jul/2022 02:09:53,695- OIPA_Project: LastName entered Successfully
20/Jul/2022 02:09:53,832- OIPA_Project: Gender selected Successfully
20/Jul/2022 02:09:53,931- OIPA_Project: Smokerstatus selected Successfully
20/Jul/2022 02:09:59,259- OIPA_Project: Birthdate entered Successfully
20/Jul/2022 11:32:37,464- OIPA_Project: Testing in Chrome browser
20/Jul/2022 11:32:50,129- OIPA_Project: SIT URL Launched
20/Jul/2022 11:33:05,215- OIPA_Project: UserName Entered Successfully
20/Jul/2022 11:33:05,273- OIPA_Project: Password Entered Successfully
20/Jul/2022 11:33:05,318- OIPA_Project: Logged into IE - SIT Successfully
20/Jul/2022 11:33:32,821- OIPA_Project: New Quote clicked Successfully
20/Jul/2022 11:33:47,327- OIPA_Project: Adviser selected Successfully
20/Jul/2022 11:33:59,419- OIPA_Project: FirstName entered Successfully
20/Jul/2022 11:33:59,482- OIPA_Project: LastName entered Successfully
20/Jul/2022 11:33:59,533- OIPA_Project: Gender selected Successfully
20/Jul/2022 11:33:59,581- OIPA_Project: Smokerstatus selected Successfully
20/Jul/2022 11:34:04,693- OIPA_Project: Birthdate entered Successfully
20/Jul/2022 12:52:57,171- OIPA_Project: Testing in Chrome browser
20/Jul/2022 12:53:03,589- OIPA_Project: SIT URL Launched
20/Jul/2022 12:53:18,674- OIPA_Project: UserName Entered Successfully
20/Jul/2022 12:53:18,725- OIPA_Project: Password Entered Successfully
20/Jul/2022 12:53:18,762- OIPA_Project: Logged into IE - SIT Successfully
20/Jul/2022 12:53:43,955- OIPA_Project: New Quote clicked Successfully
20/Jul/2022 12:53:58,727- OIPA_Project: Adviser selected Successfully
20/Jul/2022 12:54:10,815- OIPA_Project: FirstName entered Successfully
20/Jul/2022 12:54:10,877- OIPA_Project: LastName entered Successfully
20/Jul/2022 12:54:10,927- OIPA_Project: Gender selected Successfully
20/Jul/2022 12:54:10,970- OIPA_Project: Smokerstatus selected Successfully
20/Jul/2022 12:54:16,089- OIPA_Project: Birthdate entered Successfully
20/Jul/2022 12:54:26,304- OIPA_Project: state selected Successfully
20/Jul/2022 13:08:06,947- OIPA_Project: Testing in Chrome browser
20/Jul/2022 13:08:12,747- OIPA_Project: SIT URL Launched
20/Jul/2022 13:08:27,820- OIPA_Project: UserName Entered Successfully
20/Jul/2022 13:08:27,867- OIPA_Project: Password Entered Successfully
20/Jul/2022 13:08:27,907- OIPA_Project: Logged into IE - SIT Successfully
20/Jul/2022 13:08:53,107- OIPA_Project: New Quote clicked Successfully
20/Jul/2022 13:09:07,859- OIPA_Project: Adviser selected Successfully
20/Jul/2022 13:09:19,944- OIPA_Project: FirstName entered Successfully
20/Jul/2022 13:09:20,014- OIPA_Project: LastName entered Successfully
20/Jul/2022 13:09:20,062- OIPA_Project: Gender selected Successfully
20/Jul/2022 13:09:20,112- OIPA_Project: Smokerstatus selected Successfully
20/Jul/2022 13:09:25,233- OIPA_Project: Birthdate entered Successfully
20/Jul/2022 13:09:35,423- OIPA_Project: state selected Successfully
20/Jul/2022 13:50:42,817- OIPA_Project: Testing in Chrome browser
20/Jul/2022 13:50:49,845- OIPA_Project: SIT URL Launched
20/Jul/2022 13:51:04,918- OIPA_Project: UserName Entered Successfully
20/Jul/2022 13:51:04,965- OIPA_Project: Password Entered Successfully
20/Jul/2022 13:51:05,004- OIPA_Project: Logged into IE - SIT Successfully
20/Jul/2022 13:51:30,211- OIPA_Project: New Quote clicked Successfully
20/Jul/2022 13:51:45,128- OIPA_Project: Adviser selected Successfully
20/Jul/2022 13:51:57,216- OIPA_Project: FirstName entered Successfully
20/Jul/2022 13:51:57,296- OIPA_Project: LastName entered Successfully
20/Jul/2022 13:51:57,347- OIPA_Project: Gender selected Successfully
20/Jul/2022 13:51:57,392- OIPA_Project: Smokerstatus selected Successfully
20/Jul/2022 13:52:02,511- OIPA_Project: Birthdate entered Successfully
20/Jul/2022 13:52:12,711- OIPA_Project: state selected Successfully
20/Jul/2022 13:52:27,996- OIPA_Project: Occupation selected Successfully
20/Jul/2022 13:52:38,092- OIPA_Project: Annual Income entered Successfully
20/Jul/2022 13:52:41,209- OIPA_Project: purpose of app selected Successfully
20/Jul/2022 14:01:18,320- OIPA_Project: Testing in Chrome browser
20/Jul/2022 14:01:23,108- OIPA_Project: SIT URL Launched
20/Jul/2022 14:01:38,195- OIPA_Project: UserName Entered Successfully
20/Jul/2022 14:01:38,251- OIPA_Project: Password Entered Successfully
20/Jul/2022 14:01:38,293- OIPA_Project: Logged into IE - SIT Successfully
20/Jul/2022 14:02:03,502- OIPA_Project: New Quote clicked Successfully
20/Jul/2022 14:02:18,179- OIPA_Project: Adviser selected Successfully
20/Jul/2022 14:02:30,266- OIPA_Project: FirstName entered Successfully
20/Jul/2022 14:02:30,331- OIPA_Project: LastName entered Successfully
20/Jul/2022 14:02:30,388- OIPA_Project: Gender selected Successfully
20/Jul/2022 14:02:30,451- OIPA_Project: Smokerstatus selected Successfully
20/Jul/2022 14:02:35,566- OIPA_Project: Birthdate entered Successfully
20/Jul/2022 14:02:45,762- OIPA_Project: state selected Successfully
20/Jul/2022 14:03:01,057- OIPA_Project: Occupation selected Successfully
20/Jul/2022 14:03:11,130- OIPA_Project: Annual Income entered Successfully
20/Jul/2022 14:03:14,278- OIPA_Project: purpose of app selected Successfully
20/Jul/2022 14:03:17,411- OIPA_Project: Ownership selected Successfully
20/Jul/2022 14:28:03,227- OIPA_Project: Testing in Chrome browser
20/Jul/2022 14:28:08,839- OIPA_Project: SIT URL Launched
20/Jul/2022 14:28:24,115- OIPA_Project: UserName Entered Successfully
20/Jul/2022 14:28:24,332- OIPA_Project: Password Entered Successfully
20/Jul/2022 14:28:24,505- OIPA_Project: Logged into IE - SIT Successfully
20/Jul/2022 14:28:49,894- OIPA_Project: New Quote clicked Successfully
20/Jul/2022 14:29:04,926- OIPA_Project: Adviser selected Successfully
20/Jul/2022 14:29:17,181- OIPA_Project: FirstName entered Successfully
20/Jul/2022 14:29:17,346- OIPA_Project: LastName entered Successfully
20/Jul/2022 14:29:17,481- OIPA_Project: Gender selected Successfully
20/Jul/2022 14:29:17,607- OIPA_Project: Smokerstatus selected Successfully
20/Jul/2022 14:29:22,882- OIPA_Project: Birthdate entered Successfully
20/Jul/2022 14:29:33,403- OIPA_Project: state selected Successfully
20/Jul/2022 14:29:49,132- OIPA_Project: Occupation selected Successfully
20/Jul/2022 14:29:59,387- OIPA_Project: Annual Income entered Successfully
20/Jul/2022 14:33:18,231- OIPA_Project: Testing in Chrome browser
20/Jul/2022 14:33:24,771- OIPA_Project: SIT URL Launched
20/Jul/2022 14:33:39,880- OIPA_Project: UserName Entered Successfully
20/Jul/2022 14:33:39,946- OIPA_Project: Password Entered Successfully
20/Jul/2022 14:33:40,001- OIPA_Project: Logged into IE - SIT Successfully
20/Jul/2022 14:34:05,362- OIPA_Project: New Quote clicked Successfully
20/Jul/2022 14:34:20,316- OIPA_Project: Adviser selected Successfully
20/Jul/2022 14:34:32,535- OIPA_Project: FirstName entered Successfully
20/Jul/2022 14:34:32,711- OIPA_Project: LastName entered Successfully
20/Jul/2022 14:34:32,851- OIPA_Project: Gender selected Successfully
20/Jul/2022 14:34:32,975- OIPA_Project: Smokerstatus selected Successfully
20/Jul/2022 14:34:38,156- OIPA_Project: Birthdate entered Successfully
20/Jul/2022 14:34:48,530- OIPA_Project: state selected Successfully
20/Jul/2022 14:35:04,218- OIPA_Project: Occupation selected Successfully
20/Jul/2022 14:35:14,379- OIPA_Project: Annual Income entered Successfully
20/Jul/2022 14:35:17,667- OIPA_Project: purpose of app selected Successfully
20/Jul/2022 14:35:22,821- OIPA_Project: Non Super Ownership selected Successfully
20/Jul/2022 14:35:33,114- OIPA_Project: Employmentstatus selected Successfully
20/Jul/2022 15:00:41,590- OIPA_Project: Testing in Chrome browser
20/Jul/2022 15:00:48,248- OIPA_Project: SIT URL Launched
20/Jul/2022 15:01:03,320- OIPA_Project: UserName Entered Successfully
20/Jul/2022 15:01:03,370- OIPA_Project: Password Entered Successfully
20/Jul/2022 15:01:03,409- OIPA_Project: Logged into IE - SIT Successfully
20/Jul/2022 15:01:28,605- OIPA_Project: New Quote clicked Successfully
20/Jul/2022 15:01:42,968- OIPA_Project: Adviser selected Successfully
20/Jul/2022 15:01:55,044- OIPA_Project: FirstName entered Successfully
20/Jul/2022 15:01:55,106- OIPA_Project: LastName entered Successfully
20/Jul/2022 15:01:55,152- OIPA_Project: Gender selected Successfully
20/Jul/2022 15:01:55,193- OIPA_Project: Smokerstatus selected Successfully
20/Jul/2022 15:02:00,307- OIPA_Project: Birthdate entered Successfully
20/Jul/2022 15:02:02,502- OIPA_Project: state selected Successfully
20/Jul/2022 15:02:12,806- OIPA_Project: Occupation selected Successfully
20/Jul/2022 15:02:22,880- OIPA_Project: Annual Income entered Successfully
20/Jul/2022 15:02:26,014- OIPA_Project: purpose of app selected Successfully
20/Jul/2022 15:02:31,137- OIPA_Project: Non Super Ownership selected Successfully
20/Jul/2022 15:02:41,259- OIPA_Project: Employmentstatus selected Successfully
20/Jul/2022 15:02:56,307- OIPA_Project: Life cover selected Successfully
20/Jul/2022 15:41:43,183- OIPA_Project: Testing in Chrome browser
20/Jul/2022 15:41:49,070- OIPA_Project: SIT URL Launched
20/Jul/2022 15:42:04,143- OIPA_Project: UserName Entered Successfully
20/Jul/2022 15:42:04,208- OIPA_Project: Password Entered Successfully
20/Jul/2022 15:42:04,254- OIPA_Project: Logged into IE - SIT Successfully
20/Jul/2022 15:42:29,462- OIPA_Project: New Quote clicked Successfully
20/Jul/2022 15:42:44,022- OIPA_Project: Adviser selected Successfully
20/Jul/2022 15:42:56,127- OIPA_Project: FirstName entered Successfully
20/Jul/2022 15:42:56,189- OIPA_Project: LastName entered Successfully
20/Jul/2022 15:42:56,236- OIPA_Project: Gender selected Successfully
20/Jul/2022 15:42:56,285- OIPA_Project: Smokerstatus selected Successfully
20/Jul/2022 15:43:01,399- OIPA_Project: Birthdate entered Successfully
20/Jul/2022 15:43:01,605- OIPA_Project: state selected Successfully
20/Jul/2022 15:43:01,868- OIPA_Project: Occupation selected Successfully
20/Jul/2022 15:43:11,952- OIPA_Project: Annual Income entered Successfully
20/Jul/2022 15:43:15,085- OIPA_Project: purpose of app selected Successfully
20/Jul/2022 15:43:20,209- OIPA_Project: Non Super Ownership selected Successfully
20/Jul/2022 15:43:30,339- OIPA_Project: Employmentstatus selected Successfully
20/Jul/2022 15:43:45,390- OIPA_Project: Life cover selected Successfully
20/Jul/2022 15:43:55,467- OIPA_Project: Life cover Benefit amount entered Successfully
20/Jul/2022 15:46:19,070- OIPA_Project: Testing in Chrome browser
20/Jul/2022 15:46:24,503- OIPA_Project: SIT URL Launched
20/Jul/2022 15:46:39,575- OIPA_Project: UserName Entered Successfully
20/Jul/2022 15:46:39,624- OIPA_Project: Password Entered Successfully
20/Jul/2022 15:46:39,661- OIPA_Project: Logged into IE - SIT Successfully
20/Jul/2022 15:47:04,866- OIPA_Project: New Quote clicked Successfully
20/Jul/2022 15:47:19,237- OIPA_Project: Adviser selected Successfully
20/Jul/2022 15:47:31,319- OIPA_Project: FirstName entered Successfully
20/Jul/2022 15:47:31,381- OIPA_Project: LastName entered Successfully
20/Jul/2022 15:47:31,429- OIPA_Project: Gender selected Successfully
20/Jul/2022 15:47:31,474- OIPA_Project: Smokerstatus selected Successfully
20/Jul/2022 15:47:36,594- OIPA_Project: Birthdate entered Successfully
20/Jul/2022 15:47:36,772- OIPA_Project: state selected Successfully
20/Jul/2022 15:47:37,042- OIPA_Project: Occupation selected Successfully
20/Jul/2022 15:47:47,113- OIPA_Project: Annual Income entered Successfully
20/Jul/2022 15:47:50,249- OIPA_Project: purpose of app selected Successfully
20/Jul/2022 15:47:55,374- OIPA_Project: Non Super Ownership selected Successfully
20/Jul/2022 15:48:05,490- OIPA_Project: Employmentstatus selected Successfully
20/Jul/2022 15:48:20,542- OIPA_Project: Life cover selected Successfully
20/Jul/2022 15:48:30,619- OIPA_Project: Life cover Benefit amount entered Successfully
20/Jul/2022 15:52:35,343- OIPA_Project: Testing in Chrome browser
20/Jul/2022 15:52:40,618- OIPA_Project: SIT URL Launched
20/Jul/2022 15:52:55,681- OIPA_Project: UserName Entered Successfully
20/Jul/2022 15:52:55,726- OIPA_Project: Password Entered Successfully
20/Jul/2022 15:52:55,764- OIPA_Project: Logged into IE - SIT Successfully
20/Jul/2022 15:53:20,966- OIPA_Project: New Quote clicked Successfully
20/Jul/2022 15:53:35,422- OIPA_Project: Adviser selected Successfully
20/Jul/2022 15:53:47,498- OIPA_Project: FirstName entered Successfully
20/Jul/2022 15:53:47,558- OIPA_Project: LastName entered Successfully
20/Jul/2022 15:53:47,603- OIPA_Project: Gender selected Successfully
20/Jul/2022 15:53:47,646- OIPA_Project: Smokerstatus selected Successfully
20/Jul/2022 15:53:52,751- OIPA_Project: Birthdate entered Successfully
20/Jul/2022 15:53:52,932- OIPA_Project: state selected Successfully
20/Jul/2022 15:53:53,186- OIPA_Project: Occupation selected Successfully
20/Jul/2022 15:54:03,270- OIPA_Project: Annual Income entered Successfully
20/Jul/2022 15:54:06,401- OIPA_Project: purpose of app selected Successfully
20/Jul/2022 15:54:11,526- OIPA_Project: Non Super Ownership selected Successfully
20/Jul/2022 15:54:21,657- OIPA_Project: Employmentstatus selected Successfully
20/Jul/2022 15:54:36,708- OIPA_Project: Life cover selected Successfully
20/Jul/2022 15:54:46,772- OIPA_Project: Life cover Benefit amount entered Successfully
20/Jul/2022 15:54:46,887- OIPA_Project: Life cover Premium type selected Successfully
20/Jul/2022 15:59:48,771- OIPA_Project: Testing in Chrome browser
20/Jul/2022 15:59:55,527- OIPA_Project: SIT URL Launched
20/Jul/2022 16:00:10,593- OIPA_Project: UserName Entered Successfully
20/Jul/2022 16:00:10,641- OIPA_Project: Password Entered Successfully
20/Jul/2022 16:00:10,678- OIPA_Project: Logged into IE - SIT Successfully
20/Jul/2022 16:00:35,874- OIPA_Project: New Quote clicked Successfully
20/Jul/2022 16:00:54,982- OIPA_Project: Adviser selected Successfully
20/Jul/2022 16:01:07,062- OIPA_Project: FirstName entered Successfully
20/Jul/2022 16:01:07,128- OIPA_Project: LastName entered Successfully
20/Jul/2022 16:01:07,176- OIPA_Project: Gender selected Successfully
20/Jul/2022 16:01:07,219- OIPA_Project: Smokerstatus selected Successfully
20/Jul/2022 16:01:12,330- OIPA_Project: Birthdate entered Successfully
20/Jul/2022 16:01:12,501- OIPA_Project: state selected Successfully
20/Jul/2022 16:01:12,774- OIPA_Project: Occupation selected Successfully
20/Jul/2022 16:01:22,853- OIPA_Project: Annual Income entered Successfully
20/Jul/2022 16:01:25,987- OIPA_Project: purpose of app selected Successfully
20/Jul/2022 16:01:31,113- OIPA_Project: Non Super Ownership selected Successfully
20/Jul/2022 16:01:41,243- OIPA_Project: Employmentstatus selected Successfully
20/Jul/2022 16:01:51,290- OIPA_Project: Life cover selected Successfully
20/Jul/2022 16:01:56,351- OIPA_Project: Life cover Benefit amount entered Successfully
20/Jul/2022 16:01:59,481- OIPA_Project: Life cover Premium type selected Successfully
20/Jul/2022 16:05:15,662- OIPA_Project: Testing in Chrome browser
20/Jul/2022 16:05:21,432- OIPA_Project: SIT URL Launched
20/Jul/2022 16:05:36,515- OIPA_Project: UserName Entered Successfully
20/Jul/2022 16:05:36,586- OIPA_Project: Password Entered Successfully
20/Jul/2022 16:05:36,639- OIPA_Project: Logged into IE - SIT Successfully
20/Jul/2022 16:06:01,848- OIPA_Project: New Quote clicked Successfully
20/Jul/2022 16:06:16,318- OIPA_Project: Adviser selected Successfully
20/Jul/2022 16:06:28,408- OIPA_Project: FirstName entered Successfully
20/Jul/2022 16:06:28,474- OIPA_Project: LastName entered Successfully
20/Jul/2022 16:06:28,526- OIPA_Project: Gender selected Successfully
20/Jul/2022 16:06:28,574- OIPA_Project: Smokerstatus selected Successfully
20/Jul/2022 16:06:33,676- OIPA_Project: Birthdate entered Successfully
20/Jul/2022 16:06:33,855- OIPA_Project: state selected Successfully
20/Jul/2022 16:06:34,112- OIPA_Project: Occupation selected Successfully
20/Jul/2022 16:06:44,201- OIPA_Project: Annual Income entered Successfully
20/Jul/2022 16:06:47,342- OIPA_Project: purpose of app selected Successfully
20/Jul/2022 16:06:52,470- OIPA_Project: Non Super Ownership selected Successfully
20/Jul/2022 16:07:02,593- OIPA_Project: Employmentstatus selected Successfully
20/Jul/2022 16:07:12,644- OIPA_Project: Life cover selected Successfully
20/Jul/2022 16:07:17,725- OIPA_Project: Life cover Benefit amount entered Successfully
20/Jul/2022 16:07:20,845- OIPA_Project: Life cover Premium type selected Successfully
20/Jul/2022 16:08:35,776- OIPA_Project: Testing in Chrome browser
20/Jul/2022 16:08:40,882- OIPA_Project: SIT URL Launched
20/Jul/2022 16:08:55,946- OIPA_Project: UserName Entered Successfully
20/Jul/2022 16:08:55,992- OIPA_Project: Password Entered Successfully
20/Jul/2022 16:08:56,029- OIPA_Project: Logged into IE - SIT Successfully
20/Jul/2022 16:09:21,224- OIPA_Project: New Quote clicked Successfully
20/Jul/2022 16:09:35,783- OIPA_Project: Adviser selected Successfully
20/Jul/2022 16:09:47,869- OIPA_Project: FirstName entered Successfully
20/Jul/2022 16:09:47,928- OIPA_Project: LastName entered Successfully
20/Jul/2022 16:09:47,977- OIPA_Project: Gender selected Successfully
20/Jul/2022 16:09:48,019- OIPA_Project: Smokerstatus selected Successfully
20/Jul/2022 16:09:53,139- OIPA_Project: Birthdate entered Successfully
20/Jul/2022 16:09:53,313- OIPA_Project: state selected Successfully
20/Jul/2022 16:09:53,570- OIPA_Project: Occupation selected Successfully
20/Jul/2022 16:10:03,649- OIPA_Project: Annual Income entered Successfully
20/Jul/2022 16:10:06,780- OIPA_Project: purpose of app selected Successfully
20/Jul/2022 16:10:11,905- OIPA_Project: Non Super Ownership selected Successfully
20/Jul/2022 16:10:22,023- OIPA_Project: Employmentstatus selected Successfully
20/Jul/2022 16:10:32,070- OIPA_Project: Life cover selected Successfully
20/Jul/2022 16:10:37,129- OIPA_Project: Life cover Benefit amount entered Successfully
20/Jul/2022 16:10:44,261- OIPA_Project: Life cover Premium type selected Successfully
20/Jul/2022 16:16:06,309- OIPA_Project: Testing in Chrome browser
20/Jul/2022 16:16:11,594- OIPA_Project: SIT URL Launched
20/Jul/2022 16:16:26,670- OIPA_Project: UserName Entered Successfully
20/Jul/2022 16:16:26,717- OIPA_Project: Password Entered Successfully
20/Jul/2022 16:16:26,754- OIPA_Project: Logged into IE - SIT Successfully
20/Jul/2022 16:16:51,947- OIPA_Project: New Quote clicked Successfully
20/Jul/2022 16:17:06,413- OIPA_Project: Adviser selected Successfully
20/Jul/2022 16:17:18,505- OIPA_Project: FirstName entered Successfully
20/Jul/2022 16:17:18,564- OIPA_Project: LastName entered Successfully
20/Jul/2022 16:17:18,608- OIPA_Project: Gender selected Successfully
20/Jul/2022 16:17:18,654- OIPA_Project: Smokerstatus selected Successfully
20/Jul/2022 16:17:23,763- OIPA_Project: Birthdate entered Successfully
20/Jul/2022 16:17:23,946- OIPA_Project: state selected Successfully
20/Jul/2022 16:17:24,210- OIPA_Project: Occupation selected Successfully
20/Jul/2022 16:17:34,284- OIPA_Project: Annual Income entered Successfully
20/Jul/2022 16:17:37,421- OIPA_Project: purpose of app selected Successfully
20/Jul/2022 16:17:42,549- OIPA_Project: Non Super Ownership selected Successfully
20/Jul/2022 16:17:52,672- OIPA_Project: Employmentstatus selected Successfully
20/Jul/2022 16:18:02,724- OIPA_Project: Life cover selected Successfully
20/Jul/2022 16:18:07,799- OIPA_Project: Life cover Benefit amount entered Successfully
20/Jul/2022 16:18:17,929- OIPA_Project: Life cover Premium type selected Successfully
20/Jul/2022 16:24:42,218- OIPA_Project: Testing in Chrome browser
20/Jul/2022 16:24:48,986- OIPA_Project: SIT URL Launched
20/Jul/2022 16:25:04,060- OIPA_Project: UserName Entered Successfully
20/Jul/2022 16:25:04,105- OIPA_Project: Password Entered Successfully
20/Jul/2022 16:25:04,143- OIPA_Project: Logged into IE - SIT Successfully
20/Jul/2022 16:25:29,348- OIPA_Project: New Quote clicked Successfully
20/Jul/2022 16:25:43,871- OIPA_Project: Adviser selected Successfully
20/Jul/2022 16:25:55,966- OIPA_Project: FirstName entered Successfully
20/Jul/2022 16:25:56,031- OIPA_Project: LastName entered Successfully
20/Jul/2022 16:25:56,080- OIPA_Project: Gender selected Successfully
20/Jul/2022 16:25:56,125- OIPA_Project: Smokerstatus selected Successfully
20/Jul/2022 16:26:01,231- OIPA_Project: Birthdate entered Successfully
20/Jul/2022 16:26:01,406- OIPA_Project: state selected Successfully
20/Jul/2022 16:26:01,678- OIPA_Project: Occupation selected Successfully
20/Jul/2022 16:26:11,761- OIPA_Project: Annual Income entered Successfully
20/Jul/2022 16:26:14,880- OIPA_Project: purpose of app selected Successfully
20/Jul/2022 16:26:20,003- OIPA_Project: Non Super Ownership selected Successfully
20/Jul/2022 16:26:30,119- OIPA_Project: Employmentstatus selected Successfully
20/Jul/2022 16:26:40,173- OIPA_Project: Life cover selected Successfully
20/Jul/2022 16:26:45,241- OIPA_Project: Life cover Benefit amount entered Successfully
20/Jul/2022 16:26:57,363- OIPA_Project: Life cover Premium type selected Successfully
20/Jul/2022 16:35:19,939- OIPA_Project: Testing in Chrome browser
20/Jul/2022 16:35:26,365- OIPA_Project: SIT URL Launched
20/Jul/2022 16:35:41,448- OIPA_Project: UserName Entered Successfully
20/Jul/2022 16:35:41,498- OIPA_Project: Password Entered Successfully
20/Jul/2022 16:35:41,538- OIPA_Project: Logged into IE - SIT Successfully
20/Jul/2022 16:36:06,733- OIPA_Project: New Quote clicked Successfully
20/Jul/2022 16:36:21,294- OIPA_Project: Adviser selected Successfully
20/Jul/2022 16:36:33,377- OIPA_Project: FirstName entered Successfully
20/Jul/2022 16:36:33,436- OIPA_Project: LastName entered Successfully
20/Jul/2022 16:36:33,482- OIPA_Project: Gender selected Successfully
20/Jul/2022 16:36:33,526- OIPA_Project: Smokerstatus selected Successfully
20/Jul/2022 16:36:38,643- OIPA_Project: Birthdate entered Successfully
20/Jul/2022 16:36:38,826- OIPA_Project: state selected Successfully
20/Jul/2022 16:36:39,081- OIPA_Project: Occupation selected Successfully
20/Jul/2022 16:36:49,145- OIPA_Project: Annual Income entered Successfully
20/Jul/2022 16:36:52,267- OIPA_Project: purpose of app selected Successfully
20/Jul/2022 16:36:57,386- OIPA_Project: Non Super Ownership selected Successfully
20/Jul/2022 16:37:07,513- OIPA_Project: Employmentstatus selected Successfully
20/Jul/2022 16:37:17,553- OIPA_Project: Life cover selected Successfully
20/Jul/2022 16:37:22,633- OIPA_Project: Life cover Benefit amount entered Successfully
20/Jul/2022 16:37:34,778- OIPA_Project: Life cover Premium type selected Successfully
20/Jul/2022 18:02:10,644- OIPA_Project: Testing in Chrome browser
20/Jul/2022 18:02:24,208- OIPA_Project: SIT URL Launched
20/Jul/2022 18:02:39,358- OIPA_Project: UserName Entered Successfully
20/Jul/2022 18:02:39,468- OIPA_Project: Password Entered Successfully
20/Jul/2022 18:02:39,549- OIPA_Project: Logged into IE - SIT Successfully
20/Jul/2022 18:03:07,968- OIPA_Project: New Quote clicked Successfully
20/Jul/2022 18:03:25,560- OIPA_Project: Adviser selected Successfully
20/Jul/2022 18:03:37,634- OIPA_Project: FirstName entered Successfully
20/Jul/2022 18:03:37,698- OIPA_Project: LastName entered Successfully
20/Jul/2022 18:03:37,744- OIPA_Project: Gender selected Successfully
20/Jul/2022 18:03:37,790- OIPA_Project: Smokerstatus selected Successfully
20/Jul/2022 18:03:42,906- OIPA_Project: Birthdate entered Successfully
20/Jul/2022 18:03:43,077- OIPA_Project: state selected Successfully
20/Jul/2022 18:03:43,326- OIPA_Project: Occupation selected Successfully
20/Jul/2022 18:03:53,413- OIPA_Project: Annual Income entered Successfully
20/Jul/2022 18:03:56,541- OIPA_Project: purpose of app selected Successfully
20/Jul/2022 18:04:01,668- OIPA_Project: Non Super Ownership selected Successfully
20/Jul/2022 18:04:11,827- OIPA_Project: Employmentstatus selected Successfully
20/Jul/2022 18:04:21,873- OIPA_Project: Life cover selected Successfully
20/Jul/2022 18:04:26,948- OIPA_Project: Life cover Benefit amount entered Successfully
20/Jul/2022 18:04:27,061- OIPA_Project: Life cover Premium type selected Successfully
20/Jul/2022 18:09:59,981- OIPA_Project: Testing in Chrome browser
20/Jul/2022 18:10:06,730- OIPA_Project: SIT URL Launched
20/Jul/2022 18:10:21,864- OIPA_Project: UserName Entered Successfully
20/Jul/2022 18:10:21,971- OIPA_Project: Password Entered Successfully
20/Jul/2022 18:10:22,061- OIPA_Project: Logged into IE - SIT Successfully
20/Jul/2022 18:10:47,309- OIPA_Project: New Quote clicked Successfully
20/Jul/2022 18:11:03,428- OIPA_Project: Adviser selected Successfully
20/Jul/2022 18:11:15,513- OIPA_Project: FirstName entered Successfully
20/Jul/2022 18:11:15,576- OIPA_Project: LastName entered Successfully
20/Jul/2022 18:11:15,624- OIPA_Project: Gender selected Successfully
20/Jul/2022 18:11:15,667- OIPA_Project: Smokerstatus selected Successfully
20/Jul/2022 18:11:20,785- OIPA_Project: Birthdate entered Successfully
20/Jul/2022 18:11:20,964- OIPA_Project: state selected Successfully
20/Jul/2022 18:11:21,235- OIPA_Project: Occupation selected Successfully
20/Jul/2022 18:11:31,308- OIPA_Project: Annual Income entered Successfully
20/Jul/2022 18:11:34,450- OIPA_Project: purpose of app selected Successfully
20/Jul/2022 18:11:39,570- OIPA_Project: Non Super Ownership selected Successfully
20/Jul/2022 18:11:49,698- OIPA_Project: Employmentstatus selected Successfully
20/Jul/2022 18:11:59,747- OIPA_Project: Life cover selected Successfully
20/Jul/2022 18:12:04,817- OIPA_Project: Life cover Benefit amount entered Successfully
20/Jul/2022 18:12:04,936- OIPA_Project: Life cover Premium type selected Successfully
20/Jul/2022 18:13:49,939- OIPA_Project: Testing in Chrome browser
20/Jul/2022 18:13:56,131- OIPA_Project: SIT URL Launched
20/Jul/2022 18:14:11,230- OIPA_Project: UserName Entered Successfully
20/Jul/2022 18:14:11,313- OIPA_Project: Password Entered Successfully
20/Jul/2022 18:14:11,377- OIPA_Project: Logged into IE - SIT Successfully
20/Jul/2022 18:14:36,584- OIPA_Project: New Quote clicked Successfully
20/Jul/2022 18:14:51,197- OIPA_Project: Adviser selected Successfully
20/Jul/2022 18:15:03,284- OIPA_Project: FirstName entered Successfully
20/Jul/2022 18:15:03,342- OIPA_Project: LastName entered Successfully
20/Jul/2022 18:15:03,390- OIPA_Project: Gender selected Successfully
20/Jul/2022 18:15:03,435- OIPA_Project: Smokerstatus selected Successfully
20/Jul/2022 18:15:08,536- OIPA_Project: Birthdate entered Successfully
20/Jul/2022 18:15:08,712- OIPA_Project: state selected Successfully
20/Jul/2022 18:15:08,962- OIPA_Project: Occupation selected Successfully
20/Jul/2022 18:15:19,057- OIPA_Project: Annual Income entered Successfully
20/Jul/2022 18:15:22,207- OIPA_Project: purpose of app selected Successfully
20/Jul/2022 18:15:27,324- OIPA_Project: Non Super Ownership selected Successfully
20/Jul/2022 18:15:37,451- OIPA_Project: Employmentstatus selected Successfully
20/Jul/2022 18:15:47,496- OIPA_Project: Life cover selected Successfully
20/Jul/2022 18:15:52,557- OIPA_Project: Life cover Benefit amount entered Successfully
20/Jul/2022 18:15:52,680- OIPA_Project: Life cover Premium type selected Successfully
20/Jul/2022 18:16:54,901- OIPA_Project: Testing in Chrome browser
20/Jul/2022 18:17:00,112- OIPA_Project: SIT URL Launched
20/Jul/2022 18:17:15,566- OIPA_Project: UserName Entered Successfully
20/Jul/2022 18:17:15,857- OIPA_Project: Password Entered Successfully
20/Jul/2022 18:17:16,059- OIPA_Project: Logged into IE - SIT Successfully
20/Jul/2022 18:17:41,262- OIPA_Project: New Quote clicked Successfully
20/Jul/2022 18:17:55,607- OIPA_Project: Adviser selected Successfully
20/Jul/2022 18:18:07,697- OIPA_Project: FirstName entered Successfully
20/Jul/2022 18:18:07,762- OIPA_Project: LastName entered Successfully
20/Jul/2022 18:18:07,812- OIPA_Project: Gender selected Successfully
20/Jul/2022 18:18:07,862- OIPA_Project: Smokerstatus selected Successfully
20/Jul/2022 18:18:12,969- OIPA_Project: Birthdate entered Successfully
20/Jul/2022 18:18:13,150- OIPA_Project: state selected Successfully
20/Jul/2022 18:18:13,443- OIPA_Project: Occupation selected Successfully
20/Jul/2022 18:18:23,519- OIPA_Project: Annual Income entered Successfully
20/Jul/2022 18:18:26,651- OIPA_Project: purpose of app selected Successfully
20/Jul/2022 18:18:31,781- OIPA_Project: Non Super Ownership selected Successfully
20/Jul/2022 18:18:41,908- OIPA_Project: Employmentstatus selected Successfully
20/Jul/2022 18:18:51,951- OIPA_Project: Life cover selected Successfully
20/Jul/2022 18:18:57,023- OIPA_Project: Life cover Benefit amount entered Successfully
20/Jul/2022 18:18:57,136- OIPA_Project: Life cover Premium type selected Successfully
20/Jul/2022 18:19:07,205- OIPA_Project: Life cover selected as Outside Super Successfully
20/Jul/2022 18:19:07,249- OIPA_Project: Life cover premium calculated Successfully
20/Jul/2022 18:46:02,979- OIPA_Project: Testing in Chrome browser
20/Jul/2022 18:46:09,315- OIPA_Project: SIT URL Launched
20/Jul/2022 18:46:24,479- OIPA_Project: UserName Entered Successfully
20/Jul/2022 18:46:24,603- OIPA_Project: Password Entered Successfully
20/Jul/2022 18:46:24,693- OIPA_Project: Logged into IE - SIT Successfully
20/Jul/2022 18:46:50,200- OIPA_Project: New Quote clicked Successfully
20/Jul/2022 18:47:06,550- OIPA_Project: Adviser selected Successfully
20/Jul/2022 18:47:18,649- OIPA_Project: FirstName entered Successfully
20/Jul/2022 18:47:18,707- OIPA_Project: LastName entered Successfully
20/Jul/2022 18:47:18,752- OIPA_Project: Gender selected Successfully
20/Jul/2022 18:47:18,796- OIPA_Project: Smokerstatus selected Successfully
20/Jul/2022 18:47:23,904- OIPA_Project: Birthdate entered Successfully
20/Jul/2022 18:47:24,087- OIPA_Project: state selected Successfully
20/Jul/2022 18:47:24,340- OIPA_Project: Occupation selected Successfully
20/Jul/2022 18:47:34,417- OIPA_Project: Annual Income entered Successfully
20/Jul/2022 18:47:37,553- OIPA_Project: purpose of app selected Successfully
20/Jul/2022 18:47:42,673- OIPA_Project: Non Super Ownership selected Successfully
20/Jul/2022 18:47:52,782- OIPA_Project: Employmentstatus selected Successfully
20/Jul/2022 18:48:02,858- OIPA_Project: Life cover selected Successfully
20/Jul/2022 18:48:07,928- OIPA_Project: Life cover Benefit amount entered Successfully
20/Jul/2022 18:48:08,044- OIPA_Project: Life cover Premium type selected Successfully
20/Jul/2022 18:54:38,921- OIPA_Project: Testing in Chrome browser
20/Jul/2022 18:54:45,142- OIPA_Project: SIT URL Launched
20/Jul/2022 18:55:00,336- OIPA_Project: UserName Entered Successfully
20/Jul/2022 18:55:00,436- OIPA_Project: Password Entered Successfully
20/Jul/2022 18:55:00,516- OIPA_Project: Logged into IE - SIT Successfully
20/Jul/2022 18:55:25,841- OIPA_Project: New Quote clicked Successfully
20/Jul/2022 18:55:41,668- OIPA_Project: Adviser selected Successfully
20/Jul/2022 18:55:53,813- OIPA_Project: FirstName entered Successfully
20/Jul/2022 18:55:53,931- OIPA_Project: LastName entered Successfully
20/Jul/2022 18:55:54,059- OIPA_Project: Gender selected Successfully
20/Jul/2022 18:55:54,177- OIPA_Project: Smokerstatus selected Successfully
20/Jul/2022 18:55:59,361- OIPA_Project: Birthdate entered Successfully
20/Jul/2022 18:55:59,753- OIPA_Project: state selected Successfully
20/Jul/2022 18:56:00,386- OIPA_Project: Occupation selected Successfully
20/Jul/2022 18:56:10,505- OIPA_Project: Annual Income entered Successfully
20/Jul/2022 18:56:13,756- OIPA_Project: purpose of app selected Successfully
20/Jul/2022 18:56:19,044- OIPA_Project: Non Super Ownership selected Successfully
20/Jul/2022 18:56:29,435- OIPA_Project: Employmentstatus selected Successfully
20/Jul/2022 18:56:39,483- OIPA_Project: Life cover selected Successfully
20/Jul/2022 18:56:44,554- OIPA_Project: Life cover Benefit amount entered Successfully
20/Jul/2022 18:56:44,676- OIPA_Project: Life cover Premium type selected Successfully
20/Jul/2022 18:56:47,732- OIPA_Project: Life cover purpose selected  Successfully
20/Jul/2022 18:56:47,785- OIPA_Project: Life cover selected as Outside Super Successfully
20/Jul/2022 18:56:47,822- OIPA_Project: Life cover premium calculated Successfully
20/Jul/2022 20:08:28,645- OIPA_Project: Testing in Chrome browser
20/Jul/2022 20:08:33,917- OIPA_Project: SIT URL Launched
20/Jul/2022 20:08:48,989- OIPA_Project: UserName Entered Successfully
20/Jul/2022 20:08:49,037- OIPA_Project: Password Entered Successfully
20/Jul/2022 20:08:49,076- OIPA_Project: Logged into IE - SIT Successfully
20/Jul/2022 20:09:14,276- OIPA_Project: New Quote clicked Successfully
20/Jul/2022 20:09:28,928- OIPA_Project: Adviser selected Successfully
20/Jul/2022 20:09:41,023- OIPA_Project: FirstName entered Successfully
20/Jul/2022 20:09:41,088- OIPA_Project: LastName entered Successfully
20/Jul/2022 20:09:41,137- OIPA_Project: Gender selected Successfully
20/Jul/2022 20:09:41,190- OIPA_Project: Smokerstatus selected Successfully
20/Jul/2022 20:09:46,299- OIPA_Project: Birthdate entered Successfully
20/Jul/2022 20:09:46,479- OIPA_Project: state selected Successfully
20/Jul/2022 20:09:46,738- OIPA_Project: Occupation selected Successfully
20/Jul/2022 20:09:56,813- OIPA_Project: Annual Income entered Successfully
20/Jul/2022 20:09:59,956- OIPA_Project: purpose of app selected Successfully
20/Jul/2022 20:10:05,078- OIPA_Project: Non Super Ownership selected Successfully
20/Jul/2022 20:10:15,208- OIPA_Project: Employmentstatus selected Successfully
20/Jul/2022 20:10:25,257- OIPA_Project: Life cover selected Successfully
20/Jul/2022 20:10:30,318- OIPA_Project: Life cover Benefit amount entered Successfully
20/Jul/2022 20:10:30,436- OIPA_Project: Life cover Premium type selected Successfully
20/Jul/2022 20:10:35,496- OIPA_Project: Life cover selected as Outside Super Successfully
20/Jul/2022 20:18:04,214- OIPA_Project: Testing in Chrome browser
20/Jul/2022 20:18:10,069- OIPA_Project: SIT URL Launched
20/Jul/2022 20:18:25,150- OIPA_Project: UserName Entered Successfully
20/Jul/2022 20:18:25,201- OIPA_Project: Password Entered Successfully
20/Jul/2022 20:18:25,246- OIPA_Project: Logged into IE - SIT Successfully
20/Jul/2022 20:18:50,451- OIPA_Project: New Quote clicked Successfully
20/Jul/2022 20:19:05,042- OIPA_Project: Adviser selected Successfully
20/Jul/2022 20:19:17,128- OIPA_Project: FirstName entered Successfully
20/Jul/2022 20:19:17,191- OIPA_Project: LastName entered Successfully
20/Jul/2022 20:19:17,239- OIPA_Project: Gender selected Successfully
20/Jul/2022 20:19:17,290- OIPA_Project: Smokerstatus selected Successfully
20/Jul/2022 20:19:22,413- OIPA_Project: Birthdate entered Successfully
20/Jul/2022 20:19:22,591- OIPA_Project: state selected Successfully
20/Jul/2022 20:19:22,852- OIPA_Project: Occupation selected Successfully
20/Jul/2022 20:19:32,932- OIPA_Project: Annual Income entered Successfully
20/Jul/2022 20:19:36,064- OIPA_Project: purpose of app selected Successfully
20/Jul/2022 20:19:41,187- OIPA_Project: Non Super Ownership selected Successfully
20/Jul/2022 20:19:51,311- OIPA_Project: Employmentstatus selected Successfully
20/Jul/2022 20:20:01,365- OIPA_Project: Life cover selected Successfully
20/Jul/2022 20:20:06,432- OIPA_Project: Life cover Benefit amount entered Successfully
20/Jul/2022 20:20:06,544- OIPA_Project: Life cover Premium type selected Successfully
20/Jul/2022 20:20:11,614- OIPA_Project: Life cover selected as Outside Super Successfully
20/Jul/2022 21:42:26,348- OIPA_Project: Testing in Chrome browser
20/Jul/2022 21:42:32,941- OIPA_Project: SIT URL Launched
20/Jul/2022 21:42:48,142- OIPA_Project: UserName Entered Successfully
20/Jul/2022 21:42:48,266- OIPA_Project: Password Entered Successfully
20/Jul/2022 21:42:48,350- OIPA_Project: Logged into IE - SIT Successfully
20/Jul/2022 21:43:13,671- OIPA_Project: New Quote clicked Successfully
20/Jul/2022 21:43:29,144- OIPA_Project: Adviser selected Successfully
20/Jul/2022 21:43:41,485- OIPA_Project: FirstName entered Successfully
20/Jul/2022 21:43:41,688- OIPA_Project: LastName entered Successfully
20/Jul/2022 21:43:41,875- OIPA_Project: Gender selected Successfully
20/Jul/2022 21:43:42,107- OIPA_Project: Smokerstatus selected Successfully
20/Jul/2022 21:43:47,481- OIPA_Project: Birthdate entered Successfully
20/Jul/2022 21:43:47,908- OIPA_Project: state selected Successfully
20/Jul/2022 21:43:48,482- OIPA_Project: Occupation selected Successfully
20/Jul/2022 21:43:58,734- OIPA_Project: Annual Income entered Successfully
20/Jul/2022 21:44:02,185- OIPA_Project: purpose of app selected Successfully
20/Jul/2022 21:44:07,601- OIPA_Project: Non Super Ownership selected Successfully
20/Jul/2022 21:44:17,947- OIPA_Project: Employmentstatus selected Successfully
20/Jul/2022 21:44:28,071- OIPA_Project: Life cover selected Successfully
20/Jul/2022 21:44:33,270- OIPA_Project: Life cover Benefit amount entered Successfully
20/Jul/2022 21:44:33,755- OIPA_Project: Life cover Premium type selected Successfully
20/Jul/2022 21:44:38,974- OIPA_Project: Life cover selected as Outside Super Successfully
20/Jul/2022 21:44:44,176- OIPA_Project: Life cover purpose selected  Successfully
20/Jul/2022 21:44:47,795- OIPA_Project: Premium has not calculated
20/Jul/2022 22:13:55,650- OIPA_Project: Testing in Chrome browser
20/Jul/2022 22:14:01,776- OIPA_Project: SIT URL Launched
20/Jul/2022 22:14:16,837- OIPA_Project: UserName Entered Successfully
20/Jul/2022 22:14:16,881- OIPA_Project: Password Entered Successfully
20/Jul/2022 22:14:16,918- OIPA_Project: Logged into IE - SIT Successfully
20/Jul/2022 22:14:42,119- OIPA_Project: New Quote clicked Successfully
20/Jul/2022 22:14:56,679- OIPA_Project: Adviser selected Successfully
20/Jul/2022 22:15:08,772- OIPA_Project: FirstName entered Successfully
20/Jul/2022 22:15:08,831- OIPA_Project: LastName entered Successfully
20/Jul/2022 22:15:08,878- OIPA_Project: Gender selected Successfully
20/Jul/2022 22:15:08,919- OIPA_Project: Smokerstatus selected Successfully
20/Jul/2022 22:15:14,038- OIPA_Project: Birthdate entered Successfully
20/Jul/2022 22:15:14,216- OIPA_Project: state selected Successfully
20/Jul/2022 22:15:14,470- OIPA_Project: Occupation selected Successfully
20/Jul/2022 22:15:24,569- OIPA_Project: Annual Income entered Successfully
20/Jul/2022 22:15:27,703- OIPA_Project: purpose of app selected Successfully
20/Jul/2022 22:15:32,816- OIPA_Project: Non Super Ownership selected Successfully
20/Jul/2022 22:15:42,943- OIPA_Project: Employmentstatus selected Successfully
20/Jul/2022 22:15:52,992- OIPA_Project: Life cover selected Successfully
20/Jul/2022 22:15:53,103- OIPA_Project: Life cover Premium type selected Successfully
20/Jul/2022 22:15:58,162- OIPA_Project: Life cover selected as Outside Super Successfully
20/Jul/2022 22:16:03,318- OIPA_Project: Life cover purpose selected  Successfully
------------------------------------------------------------------------------------------------------------------
20/Jul/2022 22:29:32,455- OIPA_Project: Testing in Chrome browser
20/Jul/2022 22:29:39,160- OIPA_Project: SIT URL Launched
20/Jul/2022 22:29:51,231- OIPA_Project: UserName Entered Successfully
20/Jul/2022 22:29:51,281- OIPA_Project: Password Entered Successfully
20/Jul/2022 22:29:51,318- OIPA_Project: Logged into IE - SIT Successfully
20/Jul/2022 22:30:11,517- OIPA_Project: New Quote clicked Successfully
20/Jul/2022 22:30:21,204- OIPA_Project: Adviser selected Successfully
20/Jul/2022 22:30:31,292- OIPA_Project: FirstName entered Successfully
20/Jul/2022 22:30:31,352- OIPA_Project: LastName entered Successfully
20/Jul/2022 22:30:31,405- OIPA_Project: Gender selected Successfully
20/Jul/2022 22:30:31,453- OIPA_Project: Smokerstatus selected Successfully
20/Jul/2022 22:30:36,578- OIPA_Project: Birthdate entered Successfully
20/Jul/2022 22:30:36,778- OIPA_Project: state selected Successfully
20/Jul/2022 22:30:37,041- OIPA_Project: Occupation selected Successfully
20/Jul/2022 22:30:46,108- OIPA_Project: Annual Income entered Successfully
20/Jul/2022 22:30:48,250- OIPA_Project: purpose of app selected Successfully
20/Jul/2022 22:30:53,378- OIPA_Project: Non Super Ownership selected Successfully
20/Jul/2022 22:31:01,501- OIPA_Project: Employment status selected Successfully
20/Jul/2022 22:31:11,556- OIPA_Project: Life cover selected Successfully
20/Jul/2022 22:31:11,660- OIPA_Project: Life cover Premium type selected Successfully
--------------------------------------------------------------------------------------------------------------------------------
20/Jul/2022 22:32:14,519- OIPA_Project: Testing in Chrome browser
20/Jul/2022 22:32:20,016- OIPA_Project: SIT URL Launched
20/Jul/2022 22:32:32,080- OIPA_Project: UserName Entered Successfully
20/Jul/2022 22:32:32,126- OIPA_Project: Password Entered Successfully
20/Jul/2022 22:32:32,162- OIPA_Project: Logged into IE - SIT Successfully
20/Jul/2022 22:32:52,356- OIPA_Project: New Quote clicked Successfully
20/Jul/2022 22:33:00,080- OIPA_Project: Adviser selected Successfully
20/Jul/2022 22:33:10,162- OIPA_Project: FirstName entered Successfully
20/Jul/2022 22:33:10,222- OIPA_Project: LastName entered Successfully
20/Jul/2022 22:33:10,270- OIPA_Project: Gender selected Successfully
20/Jul/2022 22:33:10,313- OIPA_Project: Smokerstatus selected Successfully
20/Jul/2022 22:33:15,429- OIPA_Project: Birthdate entered Successfully
20/Jul/2022 22:33:15,613- OIPA_Project: state selected Successfully
20/Jul/2022 22:33:15,872- OIPA_Project: Occupation selected Successfully
20/Jul/2022 22:33:24,945- OIPA_Project: Annual Income entered Successfully
20/Jul/2022 22:33:27,083- OIPA_Project: purpose of app selected Successfully
20/Jul/2022 22:33:32,211- OIPA_Project: Non Super Ownership selected Successfully
20/Jul/2022 22:33:40,324- OIPA_Project: Employment status selected Successfully
20/Jul/2022 22:33:50,376- OIPA_Project: Life cover selected Successfully
20/Jul/2022 22:33:55,444- OIPA_Project: Life cover Benefit amount entered Successfully
20/Jul/2022 22:33:55,563- OIPA_Project: Life cover Premium type selected Successfully
20/Jul/2022 22:34:00,618- OIPA_Project: Life cover selected as Outside Super Successfully
20/Jul/2022 22:34:05,759- OIPA_Project: Life cover purpose selected  Successfully
20/Jul/2022 22:34:32,827- OIPA_Project: Premium calculated Successfully
20/Jul/2022 22:34:37,874- OIPA_Project: Quote created successfully
---------------------------------------------------------------------------------------------------------------------------
21/Jul/2022 14:24:31,632- OIPA_Project: Testing in Chrome browser
21/Jul/2022 14:24:39,027- OIPA_Project: SIT URL Launched
21/Jul/2022 14:24:51,113- OIPA_Project: UserName Entered Successfully
21/Jul/2022 14:24:51,164- OIPA_Project: Password Entered Successfully
21/Jul/2022 14:24:51,200- OIPA_Project: Logged into IE - SIT Successfully
21/Jul/2022 14:25:11,403- OIPA_Project: New Quote clicked Successfully
21/Jul/2022 14:25:19,238- OIPA_Project: Adviser selected Successfully
21/Jul/2022 14:25:29,325- OIPA_Project: FirstName entered Successfully
21/Jul/2022 14:25:29,381- OIPA_Project: LastName entered Successfully
21/Jul/2022 14:25:29,427- OIPA_Project: Gender selected Successfully
21/Jul/2022 14:25:29,469- OIPA_Project: Smokerstatus selected Successfully
21/Jul/2022 14:25:34,570- OIPA_Project: Birthdate entered Successfully
21/Jul/2022 14:25:34,755- OIPA_Project: state selected Successfully
21/Jul/2022 14:25:35,011- OIPA_Project: Occupation selected Successfully
21/Jul/2022 14:25:44,087- OIPA_Project: Annual Income entered Successfully
21/Jul/2022 14:25:46,227- OIPA_Project: purpose of app selected Successfully
21/Jul/2022 14:25:51,354- OIPA_Project: Non Super Ownership selected Successfully
21/Jul/2022 14:25:59,487- OIPA_Project: Employment status selected Successfully
21/Jul/2022 14:26:09,528- OIPA_Project: Life cover selected Successfully
21/Jul/2022 14:26:14,594- OIPA_Project: Life cover Benefit amount entered Successfully
21/Jul/2022 14:26:14,706- OIPA_Project: Life cover Premium type selected Successfully
21/Jul/2022 14:26:19,763- OIPA_Project: Life cover selected as Outside Super Successfully
21/Jul/2022 14:26:24,910- OIPA_Project: Life cover purpose selected  Successfully
21/Jul/2022 14:26:51,973- OIPA_Project: Premium calculated Successfully
21/Jul/2022 14:26:57,019- OIPA_Project: Quote created successfully
21/Jul/2022 14:27:07,070- OIPA_Project: Proceeded to apply
21/Jul/2022 14:27:17,127- OIPA_Project: Proceeded to eapp
--------------------------------------------------------------------------------------------------------------------------
21/Jul/2022 14:39:15,421- OIPA_Project: Testing in Chrome browser
21/Jul/2022 14:39:20,730- OIPA_Project: SIT URL Launched
21/Jul/2022 14:39:32,801- OIPA_Project: UserName Entered Successfully
21/Jul/2022 14:39:32,848- OIPA_Project: Password Entered Successfully
21/Jul/2022 14:39:32,886- OIPA_Project: Logged into IE - SIT Successfully
21/Jul/2022 14:39:53,094- OIPA_Project: New Quote clicked Successfully
21/Jul/2022 14:40:00,619- OIPA_Project: Adviser selected Successfully
21/Jul/2022 14:40:10,717- OIPA_Project: FirstName entered Successfully
21/Jul/2022 14:40:10,781- OIPA_Project: LastName entered Successfully
21/Jul/2022 14:40:10,828- OIPA_Project: Gender selected Successfully
21/Jul/2022 14:40:10,871- OIPA_Project: Smokerstatus selected Successfully
21/Jul/2022 14:40:15,993- OIPA_Project: Birthdate entered Successfully
21/Jul/2022 14:40:16,163- OIPA_Project: state selected Successfully
21/Jul/2022 14:40:16,441- OIPA_Project: Occupation selected Successfully
21/Jul/2022 14:40:25,522- OIPA_Project: Annual Income entered Successfully
21/Jul/2022 14:40:27,663- OIPA_Project: purpose of app selected Successfully
21/Jul/2022 14:40:32,795- OIPA_Project: Non Super Ownership selected Successfully
21/Jul/2022 14:40:40,921- OIPA_Project: Employment status selected Successfully
21/Jul/2022 14:40:50,967- OIPA_Project: Life cover selected Successfully
21/Jul/2022 14:40:56,035- OIPA_Project: Life cover Benefit amount entered Successfully
21/Jul/2022 14:40:56,149- OIPA_Project: Life cover Premium type selected Successfully
21/Jul/2022 14:41:01,209- OIPA_Project: Life cover selected as Outside Super Successfully
21/Jul/2022 14:41:04,347- OIPA_Project: Life cover purpose selected  Successfully
21/Jul/2022 14:41:26,410- OIPA_Project: Premium calculated Successfully
21/Jul/2022 14:41:31,460- OIPA_Project: Quote created successfully
21/Jul/2022 14:41:41,514- OIPA_Project: Proceeded to apply
21/Jul/2022 14:41:51,568- OIPA_Project: Proceeded to eapp
21/Jul/2022 14:42:54,406- OIPA_Project: ------------------------------------------------------------------------------------------------
